This is pdfTeX, Version 3.1415926-2.3-1.40.12 (MiKTeX 2.9) (preloaded format=pdflatex 2015.3.2)  31 MAY 2015 10:36
entering extended mode
**C:/Users/MistyRain/Desktop/Latex*beamerÂπªÁÅØÁâáÊ®°Êùø/Antennas*and*Propagati
on.tex

("C:/Users/MistyRain/Desktop/Latex beamerÂπªÁÅØÁâáÊ®°Êùø/Antennas and Propagati
on.tex"
LaTeX2e <2011/06/27>
Babel <v3.8m> and hyphenation patterns for loaded.
(d:\CTEX\UserData\tex\latex\beamer\base\beamer.cls
(d:\CTEX\UserData\tex\latex\beamer\base\beamerbasercs.sty
Package: beamerbasercs 2015/03/08 (rcs-revision 368aa9ba9d38)
)
Document Class: beamer 2015/01/05 3.36 A class for typesetting presentations (r
cs-revision 8a39122e1f63)
(d:\CTEX\UserData\tex\latex\beamer\base\beamerbasemodes.sty
Package: beamerbasemodes 2013/09/03 (rcs-revision 768f2d98ca64)
\beamer@tempbox=\box26
\beamer@tempcount=\count79
\c@beamerpauses=\count80

(d:\CTEX\UserData\tex\latex\beamer\base\beamerbasedecode.sty
Package: beamerbasedecode 2010/05/01 (rcs-revision efa082c6111d)
\beamer@slideinframe=\count81
\beamer@minimum=\count82
)
\beamer@commentbox=\box27
\beamer@modecount=\count83
)
(d:\CTEX\MiKTeX\tex\generic\oberdiek\ifpdf.sty
Package: ifpdf 2011/01/30 v2.3 Provides the ifpdf switch (HO)
Package ifpdf Info: pdfTeX in PDF mode is detected.
)
\headheight=\dimen102
\headdp=\dimen103
\footheight=\dimen104
\sidebarheight=\dimen105
\beamer@tempdim=\dimen106
\beamer@finalheight=\dimen107
\beamer@animht=\dimen108
\beamer@animdp=\dimen109
\beamer@animwd=\dimen110
\beamer@leftmargin=\dimen111
\beamer@rightmargin=\dimen112
\beamer@leftsidebar=\dimen113
\beamer@rightsidebar=\dimen114
\beamer@boxsize=\dimen115
\beamer@vboxoffset=\dimen116
\beamer@descdefault=\dimen117
\beamer@descriptionwidth=\dimen118
\beamer@lastskip=\skip41
\beamer@areabox=\box28
\beamer@animcurrent=\box29
\beamer@animshowbox=\box30
\beamer@sectionbox=\box31
\beamer@logobox=\box32
\beamer@linebox=\box33
\beamer@sectioncount=\count84
\beamer@subsubsectionmax=\count85
\beamer@subsectionmax=\count86
\beamer@sectionmax=\count87
\beamer@totalheads=\count88
\beamer@headcounter=\count89
\beamer@partstartpage=\count90
\beamer@sectionstartpage=\count91
\beamer@subsectionstartpage=\count92
\beamer@animationtempa=\count93
\beamer@animationtempb=\count94
\beamer@xpos=\count95
\beamer@ypos=\count96
\beamer@showpartnumber=\count97
\beamer@currentsubsection=\count98
\beamer@coveringdepth=\count99
\beamer@sectionadjust=\count100
\beamer@tocsectionnumber=\count101

(d:\CTEX\UserData\tex\latex\beamer\base\beamerbaseoptions.sty
Package: beamerbaseoptions 2013/03/10 (rcs-revision 47431932db0d)

(d:\CTEX\MiKTeX\tex\latex\graphics\keyval.sty
Package: keyval 1999/03/16 v1.13 key=value parser (DPC)
\KV@toks@=\toks14
))
\beamer@paperwidth=\skip42
\beamer@paperheight=\skip43

(d:\CTEX\MiKTeX\tex\latex\geometry\geometry.sty
Package: geometry 2010/09/12 v5.6 Page Geometry

(d:\CTEX\MiKTeX\tex\generic\oberdiek\ifvtex.sty
Package: ifvtex 2010/03/01 v1.5 Switches for detecting VTeX and its modes (HO)
Package ifvtex Info: VTeX not detected.
)
(d:\CTEX\MiKTeX\tex\generic\ifxetex\ifxetex.sty
Package: ifxetex 2010/09/12 v0.6 Provides ifxetex conditional
)
\Gm@cnth=\count102
\Gm@cntv=\count103
\c@Gm@tempcnt=\count104
\Gm@bindingoffset=\dimen119
\Gm@wd@mp=\dimen120
\Gm@odd@mp=\dimen121
\Gm@even@mp=\dimen122
\Gm@layoutwidth=\dimen123
\Gm@layoutheight=\dimen124
\Gm@layouthoffset=\dimen125
\Gm@layoutvoffset=\dimen126
\Gm@dimlist=\toks15

(d:\CTEX\MiKTeX\tex\latex\geometry\geometry.cfg))

Class beamer Warning: ``mathserif'' is obsolete. Use font theme ``serif'' with 
option ``onlymath'' on input line 348.

(d:\CTEX\MiKTeX\tex\latex\base\size12.clo
File: size12.clo 2007/10/19 v1.4h Standard LaTeX file (size option)
)
(d:\CTEX\UserData\tex\latex\pgf\basiclayer\pgfcore.sty
(d:\CTEX\MiKTeX\tex\latex\graphics\graphicx.sty
Package: graphicx 1999/02/16 v1.0f Enhanced LaTeX Graphics (DPC,SPQR)

(d:\CTEX\MiKTeX\tex\latex\graphics\graphics.sty
Package: graphics 2009/02/05 v1.0o Standard LaTeX Graphics (DPC,SPQR)

(d:\CTEX\MiKTeX\tex\latex\graphics\trig.sty
Package: trig 1999/03/16 v1.09 sin cos tan (DPC)
)
(d:\CTEX\MiKTeX\tex\latex\00miktex\graphics.cfg
File: graphics.cfg 2007/01/18 v1.5 graphics configuration of teTeX/TeXLive
)
Package graphics Info: Driver file: pdftex.def on input line 91.

(d:\CTEX\MiKTeX\tex\latex\pdftex-def\pdftex.def
File: pdftex.def 2011/05/27 v0.06d Graphics/color for pdfTeX

(d:\CTEX\MiKTeX\tex\generic\oberdiek\infwarerr.sty
Package: infwarerr 2010/04/08 v1.3 Providing info/warning/message (HO)
)
(d:\CTEX\MiKTeX\tex\generic\oberdiek\ltxcmds.sty
Package: ltxcmds 2011/04/18 v1.20 LaTeX kernel commands for general use (HO)
)
\Gread@gobject=\count105
))
\Gin@req@height=\dimen127
\Gin@req@width=\dimen128
)
(d:\CTEX\UserData\tex\latex\pgf\systemlayer\pgfsys.sty
(d:\CTEX\UserData\tex\latex\pgf\utilities\pgfrcs.sty
(d:\CTEX\UserData\tex\generic\pgf\utilities\pgfutil-common.tex
\pgfutil@everybye=\toks16
\pgfutil@tempdima=\dimen129
\pgfutil@tempdimb=\dimen130

(d:\CTEX\UserData\tex\generic\pgf\utilities\pgfutil-common-lists.tex))
(d:\CTEX\UserData\tex\generic\pgf\utilities\pgfutil-latex.def
\pgfutil@abb=\box34

(d:\CTEX\UserData\tex\latex\ms\everyshi.sty
Package: everyshi 2001/05/15 v3.00 EveryShipout Package (MS)
))
(d:\CTEX\UserData\tex\generic\pgf\utilities\pgfrcs.code.tex
Package: pgfrcs 2013/12/20 v3.0.0 (rcs-revision 1.28)
))
(d:\CTEX\UserData\tex\generic\pgf\systemlayer\pgfsys.code.tex
Package: pgfsys 2013/11/30 v3.0.0 (rcs-revision 1.47)

(d:\CTEX\UserData\tex\generic\pgf\utilities\pgfkeys.code.tex
\pgfkeys@pathtoks=\toks17
\pgfkeys@temptoks=\toks18

(d:\CTEX\UserData\tex\generic\pgf\utilities\pgfkeysfiltered.code.tex
\pgfkeys@tmptoks=\toks19
))
\pgf@x=\dimen131
\pgf@y=\dimen132
\pgf@xa=\dimen133
\pgf@ya=\dimen134
\pgf@xb=\dimen135
\pgf@yb=\dimen136
\pgf@xc=\dimen137
\pgf@yc=\dimen138
\w@pgf@writea=\write3
\r@pgf@reada=\read1
\c@pgf@counta=\count106
\c@pgf@countb=\count107
\c@pgf@countc=\count108
\c@pgf@countd=\count109
\t@pgf@toka=\toks20
\t@pgf@tokb=\toks21
\t@pgf@tokc=\toks22

(d:\CTEX\UserData\tex\generic\pgf\systemlayer\pgf.cfg
File: pgf.cfg 2008/05/14  (rcs-revision 1.7)
)
Driver file for pgf: pgfsys-pdftex.def

(d:\CTEX\UserData\tex\generic\pgf\systemlayer\pgfsys-pdftex.def
File: pgfsys-pdftex.def 2013/07/18  (rcs-revision 1.33)

(d:\CTEX\UserData\tex\generic\pgf\systemlayer\pgfsys-common-pdf.def
File: pgfsys-common-pdf.def 2013/10/10  (rcs-revision 1.13)
)))
(d:\CTEX\UserData\tex\generic\pgf\systemlayer\pgfsyssoftpath.code.tex
File: pgfsyssoftpath.code.tex 2013/09/09  (rcs-revision 1.9)
\pgfsyssoftpath@smallbuffer@items=\count110
\pgfsyssoftpath@bigbuffer@items=\count111
)
(d:\CTEX\UserData\tex\generic\pgf\systemlayer\pgfsysprotocol.code.tex
File: pgfsysprotocol.code.tex 2006/10/16  (rcs-revision 1.4)
))
(d:\CTEX\UserData\tex\latex\xcolor\xcolor.sty
Package: xcolor 2007/01/21 v2.11 LaTeX color extensions (UK)

(d:\CTEX\MiKTeX\tex\latex\00miktex\color.cfg
File: color.cfg 2007/01/18 v1.5 color configuration of teTeX/TeXLive
)
Package xcolor Info: Driver file: pdftex.def on input line 225.

(d:\CTEX\UserData\tex\latex\colortbl\colortbl.sty
Package: colortbl 2012/02/13 v1.0a Color table columns (DPC)

(d:\CTEX\MiKTeX\tex\latex\tools\array.sty
Package: array 2008/09/09 v2.4c Tabular extension package (FMi)
\col@sep=\dimen139
\extrarowheight=\dimen140
\NC@list=\toks23
\extratabsurround=\skip44
\backup@length=\skip45
)
\everycr=\toks24
\minrowclearance=\skip46
)
\rownum=\count112
Package xcolor Info: Model `cmy' substituted by `cmy0' on input line 1337.
Package xcolor Info: Model `hsb' substituted by `rgb' on input line 1341.
Package xcolor Info: Model `RGB' extended on input line 1353.
Package xcolor Info: Model `HTML' substituted by `rgb' on input line 1355.
Package xcolor Info: Model `Hsb' substituted by `hsb' on input line 1356.
Package xcolor Info: Model `tHsb' substituted by `hsb' on input line 1357.
Package xcolor Info: Model `HSB' substituted by `hsb' on input line 1358.
Package xcolor Info: Model `Gray' substituted by `gray' on input line 1359.
Package xcolor Info: Model `wave' substituted by `hsb' on input line 1360.
)
(d:\CTEX\UserData\tex\generic\pgf\basiclayer\pgfcore.code.tex
Package: pgfcore 2010/04/11 v3.0.0 (rcs-revision 1.7)

(d:\CTEX\UserData\tex\generic\pgf\math\pgfmath.code.tex
(d:\CTEX\UserData\tex\generic\pgf\math\pgfmathcalc.code.tex
(d:\CTEX\UserData\tex\generic\pgf\math\pgfmathutil.code.tex)
(d:\CTEX\UserData\tex\generic\pgf\math\pgfmathparser.code.tex
\pgfmath@dimen=\dimen141
\pgfmath@count=\count113
\pgfmath@box=\box35
\pgfmath@toks=\toks25
\pgfmath@stack@operand=\toks26
\pgfmath@stack@operation=\toks27
)
(d:\CTEX\UserData\tex\generic\pgf\math\pgfmathfunctions.code.tex
(d:\CTEX\UserData\tex\generic\pgf\math\pgfmathfunctions.basic.code.tex)
(d:\CTEX\UserData\tex\generic\pgf\math\pgfmathfunctions.trigonometric.code.tex)
(d:\CTEX\UserData\tex\generic\pgf\math\pgfmathfunctions.random.code.tex)
(d:\CTEX\UserData\tex\generic\pgf\math\pgfmathfunctions.comparison.code.tex)
(d:\CTEX\UserData\tex\generic\pgf\math\pgfmathfunctions.base.code.tex)
(d:\CTEX\UserData\tex\generic\pgf\math\pgfmathfunctions.round.code.tex)
(d:\CTEX\UserData\tex\generic\pgf\math\pgfmathfunctions.misc.code.tex)
(d:\CTEX\UserData\tex\generic\pgf\math\pgfmathfunctions.integerarithmetics.code
.tex))) (d:\CTEX\UserData\tex\generic\pgf\math\pgfmathfloat.code.tex
\c@pgfmathroundto@lastzeros=\count114
))
(d:\CTEX\UserData\tex\generic\pgf\basiclayer\pgfcorepoints.code.tex
File: pgfcorepoints.code.tex 2013/10/07  (rcs-revision 1.27)
\pgf@picminx=\dimen142
\pgf@picmaxx=\dimen143
\pgf@picminy=\dimen144
\pgf@picmaxy=\dimen145
\pgf@pathminx=\dimen146
\pgf@pathmaxx=\dimen147
\pgf@pathminy=\dimen148
\pgf@pathmaxy=\dimen149
\pgf@xx=\dimen150
\pgf@xy=\dimen151
\pgf@yx=\dimen152
\pgf@yy=\dimen153
\pgf@zx=\dimen154
\pgf@zy=\dimen155
)
(d:\CTEX\UserData\tex\generic\pgf\basiclayer\pgfcorepathconstruct.code.tex
File: pgfcorepathconstruct.code.tex 2013/10/07  (rcs-revision 1.29)
\pgf@path@lastx=\dimen156
\pgf@path@lasty=\dimen157
)
(d:\CTEX\UserData\tex\generic\pgf\basiclayer\pgfcorepathusage.code.tex
File: pgfcorepathusage.code.tex 2013/12/13  (rcs-revision 1.23)
\pgf@shorten@end@additional=\dimen158
\pgf@shorten@start@additional=\dimen159
)
(d:\CTEX\UserData\tex\generic\pgf\basiclayer\pgfcorescopes.code.tex
File: pgfcorescopes.code.tex 2013/10/09  (rcs-revision 1.44)
\pgfpic=\box36
\pgf@hbox=\box37
\pgf@layerbox@main=\box38
\pgf@picture@serial@count=\count115
)
(d:\CTEX\UserData\tex\generic\pgf\basiclayer\pgfcoregraphicstate.code.tex
File: pgfcoregraphicstate.code.tex 2013/09/19  (rcs-revision 1.11)
\pgflinewidth=\dimen160
)
(d:\CTEX\UserData\tex\generic\pgf\basiclayer\pgfcoretransformations.code.tex
File: pgfcoretransformations.code.tex 2013/10/10  (rcs-revision 1.17)
\pgf@pt@x=\dimen161
\pgf@pt@y=\dimen162
\pgf@pt@temp=\dimen163
)
(d:\CTEX\UserData\tex\generic\pgf\basiclayer\pgfcorequick.code.tex
File: pgfcorequick.code.tex 2008/10/09  (rcs-revision 1.3)
)
(d:\CTEX\UserData\tex\generic\pgf\basiclayer\pgfcoreobjects.code.tex
File: pgfcoreobjects.code.tex 2006/10/11  (rcs-revision 1.2)
)
(d:\CTEX\UserData\tex\generic\pgf\basiclayer\pgfcorepathprocessing.code.tex
File: pgfcorepathprocessing.code.tex 2013/09/09  (rcs-revision 1.9)
)
(d:\CTEX\UserData\tex\generic\pgf\basiclayer\pgfcorearrows.code.tex
File: pgfcorearrows.code.tex 2013/11/07  (rcs-revision 1.40)
\pgfarrowsep=\dimen164
)
(d:\CTEX\UserData\tex\generic\pgf\basiclayer\pgfcoreshade.code.tex
File: pgfcoreshade.code.tex 2013/07/15  (rcs-revision 1.15)
\pgf@max=\dimen165
\pgf@sys@shading@range@num=\count116
)
(d:\CTEX\UserData\tex\generic\pgf\basiclayer\pgfcoreimage.code.tex
File: pgfcoreimage.code.tex 2013/07/15  (rcs-revision 1.18)

(d:\CTEX\UserData\tex\generic\pgf\basiclayer\pgfcoreexternal.code.tex
File: pgfcoreexternal.code.tex 2013/07/15  (rcs-revision 1.20)
\pgfexternal@startupbox=\box39
))
(d:\CTEX\UserData\tex\generic\pgf\basiclayer\pgfcorelayers.code.tex
File: pgfcorelayers.code.tex 2013/07/18  (rcs-revision 1.7)
)
(d:\CTEX\UserData\tex\generic\pgf\basiclayer\pgfcoretransparency.code.tex
File: pgfcoretransparency.code.tex 2013/09/30  (rcs-revision 1.5)
)
(d:\CTEX\UserData\tex\generic\pgf\basiclayer\pgfcorepatterns.code.tex
File: pgfcorepatterns.code.tex 2013/11/07  (rcs-revision 1.5)
)))
(d:\CTEX\UserData\tex\latex\pgf\utilities\xxcolor.sty
Package: xxcolor 2003/10/24 ver 0.1
\XC@nummixins=\count117
\XC@countmixins=\count118
)
(d:\CTEX\MiKTeX\tex\generic\oberdiek\atbegshi.sty
Package: atbegshi 2011/01/30 v1.15 At begin shipout hook (HO)
)
(d:\CTEX\MiKTeX\tex\latex\hyperref\hyperref.sty
Package: hyperref 2012/02/06 v6.82o Hypertext links for LaTeX

(d:\CTEX\MiKTeX\tex\generic\oberdiek\hobsub-hyperref.sty
Package: hobsub-hyperref 2011/04/23 v1.4 Bundle oberdiek, subset hyperref (HO)

(d:\CTEX\MiKTeX\tex\generic\oberdiek\hobsub-generic.sty
Package: hobsub-generic 2011/04/23 v1.4 Bundle oberdiek, subset generic (HO)
Package: hobsub 2011/04/23 v1.4 Subsetting bundle oberdiek (HO)
Package hobsub Info: Skipping package `infwarerr' (already loaded).
Package hobsub Info: Skipping package `ltxcmds' (already loaded).
Package: ifluatex 2010/03/01 v1.3 Provides the ifluatex switch (HO)
Package ifluatex Info: LuaTeX not detected.
Package hobsub Info: Skipping package `ifvtex' (already loaded).
Package: intcalc 2007/09/27 v1.1 Expandable integer calculations (HO)
Package hobsub Info: Skipping package `ifpdf' (already loaded).
Package: etexcmds 2011/02/16 v1.5 Prefix for e-TeX command names (HO)
Package etexcmds Info: Could not find \expanded.
(etexcmds)             That can mean that you are not using pdfTeX 1.50 or
(etexcmds)             that some package has redefined \expanded.
(etexcmds)             In the latter case, load this package earlier.
Package: kvsetkeys 2011/04/07 v1.13 Key value parser (HO)
Package: kvdefinekeys 2011/04/07 v1.3 Defining keys (HO)
Package: pdftexcmds 2011/04/22 v0.16 Utilities of pdfTeX for LuaTeX (HO)
Package pdftexcmds Info: LuaTeX not detected.
Package pdftexcmds Info: \pdf@primitive is available.
Package pdftexcmds Info: \pdf@ifprimitive is available.
Package pdftexcmds Info: \pdfdraftmode found.
Package: pdfescape 2011/04/04 v1.12 Provides string conversions (HO)
Package: bigintcalc 2011/01/30 v1.2 Expandable big integer calculations (HO)
Package: bitset 2011/01/30 v1.1 Data type bit set (HO)
Package: uniquecounter 2011/01/30 v1.2 Provides unlimited unique counter (HO)
)
Package hobsub Info: Skipping package `hobsub' (already loaded).
Package: letltxmacro 2010/09/02 v1.4 Let assignment for LaTeX macros (HO)
Package: hopatch 2011/01/30 v1.0 Wrapper for package hooks (HO)
Package: xcolor-patch 2011/01/30 xcolor patch
Package: atveryend 2011/04/23 v1.7 Hooks at very end of document (HO)
Package hobsub Info: Skipping package `atbegshi' (already loaded).
Package: refcount 2010/12/01 v3.2 Data extraction from references (HO)
Package: hycolor 2011/01/30 v1.7 Color options of hyperref/bookmark (HO)
)
(d:\CTEX\MiKTeX\tex\latex\oberdiek\kvoptions.sty
Package: kvoptions 2010/12/23 v3.10 Keyval support for LaTeX options (HO)
)
\@linkdim=\dimen166
\Hy@linkcounter=\count119
\Hy@pagecounter=\count120

(d:\CTEX\MiKTeX\tex\latex\hyperref\pd1enc.def
File: pd1enc.def 2012/02/06 v6.82o Hyperref: PDFDocEncoding definition (HO)
)
\Hy@SavedSpaceFactor=\count121

(d:\CTEX\MiKTeX\tex\latex\00miktex\hyperref.cfg
File: hyperref.cfg 2002/06/06 v1.2 hyperref configuration of TeXLive
)
Package hyperref Info: Option `bookmarks' set `true' on input line 3925.
Package hyperref Info: Option `bookmarksopen' set `true' on input line 3925.
Package hyperref Info: Option `implicit' set `false' on input line 3925.
Package hyperref Info: Hyper figures OFF on input line 4046.
Package hyperref Info: Link nesting OFF on input line 4051.
Package hyperref Info: Hyper index ON on input line 4054.
Package hyperref Info: Plain pages OFF on input line 4061.
Package hyperref Info: Backreferencing OFF on input line 4066.
Package hyperref Info: Implicit mode OFF; no redefinition of LaTeX internals.
Package hyperref Info: Bookmarks ON on input line 4284.
\c@Hy@tempcnt=\count122

(d:\CTEX\MiKTeX\tex\latex\ltxmisc\url.sty
\Urlmuskip=\muskip10
Package: url 2006/04/12  ver 3.3  Verb mode for urls, etc.
)
LaTeX Info: Redefining \url on input line 4637.
\Fld@menulength=\count123
\Field@Width=\dimen167
\Fld@charsize=\dimen168
Package hyperref Info: Hyper figures OFF on input line 5757.
Package hyperref Info: Link nesting OFF on input line 5762.
Package hyperref Info: Hyper index ON on input line 5765.
Package hyperref Info: backreferencing OFF on input line 5772.
Package hyperref Info: Link coloring OFF on input line 5777.
Package hyperref Info: Link coloring with OCG OFF on input line 5782.
Package hyperref Info: PDF/A mode OFF on input line 5787.
LaTeX Info: Redefining \ref on input line 5827.
LaTeX Info: Redefining \pageref on input line 5831.
\Hy@abspage=\count124


Package hyperref Message: Stopped early.

)

Package hyperref Message: Driver (autodetected): hpdftex.

(d:\CTEX\MiKTeX\tex\latex\hyperref\hpdftex.def
File: hpdftex.def 2012/02/06 v6.82o Hyperref driver for pdfTeX
\Fld@listcount=\count125
\c@bookmark@seq@number=\count126

(d:\CTEX\MiKTeX\tex\latex\oberdiek\rerunfilecheck.sty
Package: rerunfilecheck 2011/04/15 v1.7 Rerun checks for auxiliary files (HO)
Package uniquecounter Info: New unique counter `rerunfilecheck' on input line 2
82.
))
Package hyperref Info: Option `CJKbookmarks' set `true' on input line 373.

(d:\CTEX\UserData\tex\latex\beamer\base\beamerbaserequires.sty
Package: beamerbaserequires 2010/05/01  (rcs-revision efa082c6111d)

(d:\CTEX\UserData\tex\latex\beamer\base\beamerbasecompatibility.sty
Package: beamerbasecompatibility 2012/05/01  (rcs-revision 67c48b3b652d)
)
(d:\CTEX\UserData\tex\latex\beamer\base\beamerbasefont.sty
Package: beamerbasefont 2015/01/05  (rcs-revision b4b4bee242e2)

(d:\CTEX\MiKTeX\tex\latex\amsfonts\amssymb.sty
Package: amssymb 2009/06/22 v3.00

(d:\CTEX\MiKTeX\tex\latex\amsfonts\amsfonts.sty
Package: amsfonts 2009/06/22 v3.00 Basic AMSFonts support
\@emptytoks=\toks28
\symAMSa=\mathgroup4
\symAMSb=\mathgroup5
LaTeX Font Info:    Overwriting math alphabet `\mathfrak' in version `bold'
(Font)                  U/euf/m/n --> U/euf/b/n on input line 96.
)))
(d:\CTEX\UserData\tex\latex\beamer\base\beamerbasetranslator.sty
Package: beamerbasetranslator 2010/06/11  (rcs-revision 85fd1cc7fc42)

(d:\CTEX\UserData\tex\latex\beamer\base\translator\translator.sty
Package: translator 2010/06/12 ver 1.10

(d:\CTEX\UserData\tex\latex\beamer\base\translator\translator-language-mappings
.tex))) (d:\CTEX\UserData\tex\latex\beamer\base\beamerbasemisc.sty
Package: beamerbasemisc 2013/09/03  (rcs-revision a55719c41d85)
)
(d:\CTEX\UserData\tex\latex\beamer\base\beamerbasetwoscreens.sty
Package: beamerbasetwoscreens 2010/05/01  (rcs-revision efa082c6111d)
)
(d:\CTEX\UserData\tex\latex\beamer\base\beamerbaseoverlay.sty
Package: beamerbaseoverlay 2013/12/25  (rcs-revision f6bd5e3805da)
\beamer@argscount=\count127
\beamer@lastskipcover=\skip47
\beamer@trivlistdepth=\count128
)
(d:\CTEX\UserData\tex\latex\beamer\base\beamerbasetitle.sty
Package: beamerbasetitle 2010/09/21  (rcs-revision f0446ed0b6ae)
)
(d:\CTEX\UserData\tex\latex\beamer\base\beamerbasesection.sty
Package: beamerbasesection 2013/06/07  (rcs-revision 60b9fe0f342f)
\c@lecture=\count129
\c@part=\count130
\c@section=\count131
\c@subsection=\count132
\c@subsubsection=\count133
)
(d:\CTEX\UserData\tex\latex\beamer\base\beamerbaseframe.sty
Package: beamerbaseframe 2014/02/20  (rcs-revision 4b8ceeeff434)
\beamer@framebox=\box40
\beamer@frametitlebox=\box41
\beamer@zoombox=\box42
\beamer@zoomcount=\count134
\beamer@zoomframecount=\count135
\beamer@frametextheight=\dimen169
\c@subsectionslide=\count136
\beamer@frametopskip=\skip48
\beamer@framebottomskip=\skip49
\beamer@frametopskipautobreak=\skip50
\beamer@framebottomskipautobreak=\skip51
\beamer@envbody=\toks29
\framewidth=\dimen170
\c@framenumber=\count137
)
(d:\CTEX\UserData\tex\latex\beamer\base\beamerbaseverbatim.sty
Package: beamerbaseverbatim 2015/01/05  (rcs-revision 431510bb5890)
\beamer@verbatimfileout=\write4
)
(d:\CTEX\UserData\tex\latex\beamer\base\beamerbaseframesize.sty
Package: beamerbaseframesize 2011/09/12  (rcs-revision 70f9d8411e54)
\beamer@splitbox=\box43
\beamer@autobreakcount=\count138
\beamer@autobreaklastheight=\dimen171
\beamer@frametitletoks=\toks30
\beamer@framesubtitletoks=\toks31
)
(d:\CTEX\UserData\tex\latex\beamer\base\beamerbaseframecomponents.sty
Package: beamerbaseframecomponents 2013/10/18  (rcs-revision 5cf6c5555a45)
\beamer@footins=\box44
)
(d:\CTEX\UserData\tex\latex\beamer\base\beamerbasecolor.sty
Package: beamerbasecolor 2015/02/21  (rcs-revision d944b04ee2d5)
)
(d:\CTEX\UserData\tex\latex\beamer\base\beamerbasenotes.sty
Package: beamerbasenotes 2012/12/19  (rcs-revision 1686da3db3c9)
\beamer@frameboxcopy=\box45
)
(d:\CTEX\UserData\tex\latex\beamer\base\beamerbasetoc.sty
Package: beamerbasetoc 2015/03/08  (rcs-revision 7270298bbaae)
)
(d:\CTEX\UserData\tex\latex\beamer\base\beamerbasetemplates.sty
Package: beamerbasetemplates 2010/05/01  (rcs-revision efa082c6111d)
\beamer@sbttoks=\toks32

(d:\CTEX\UserData\tex\latex\beamer\base\beamerbaseauxtemplates.sty
Package: beamerbaseauxtemplates 2014/06/30  (rcs-revision 580088513a67)

(d:\CTEX\UserData\tex\latex\beamer\base\beamerbaseboxes.sty
Package: beamerbaseboxes 2012/05/13  (rcs-revision 56972908a390)
\bmb@box=\box46
\bmb@colorbox=\box47
\bmb@boxshadow=\box48
\bmb@boxshadowball=\box49
\bmb@boxshadowballlarge=\box50
\bmb@temp=\dimen172
\bmb@dima=\dimen173
\bmb@dimb=\dimen174
\bmb@prevheight=\dimen175
)
\beamer@blockheadheight=\dimen176
))
(d:\CTEX\UserData\tex\latex\beamer\base\beamerbaselocalstructure.sty
Package: beamerbaselocalstructure 2014/09/10  (rcs-revision 393f6dcff371)

(d:\CTEX\MiKTeX\tex\latex\tools\enumerate.sty
Package: enumerate 1999/03/05 v3.00 enumerate extensions (DPC)
\@enLab=\toks33
)
\c@figure=\count139
\c@table=\count140
\abovecaptionskip=\skip52
\belowcaptionskip=\skip53
)
(d:\CTEX\UserData\tex\latex\beamer\base\beamerbasenavigation.sty
Package: beamerbasenavigation 2015/02/27  (rcs-revision 923f4bf87efa)
\beamer@section@min@dim=\dimen177
)
(d:\CTEX\UserData\tex\latex\beamer\base\beamerbasetheorems.sty
Package: beamerbasetheorems 2010/06/06  (rcs-revision 7e7cc5e53e9d)

(d:\CTEX\MiKTeX\tex\latex\ams\math\amsmath.sty
Package: amsmath 2000/07/18 v2.13 AMS math features
\@mathmargin=\skip54

For additional information on amsmath, use the `?' option.
(d:\CTEX\MiKTeX\tex\latex\ams\math\amstext.sty
Package: amstext 2000/06/29 v2.01

(d:\CTEX\MiKTeX\tex\latex\ams\math\amsgen.sty
File: amsgen.sty 1999/11/30 v2.0
\@emptytoks=\toks34
\ex@=\dimen178
))
(d:\CTEX\MiKTeX\tex\latex\ams\math\amsbsy.sty
Package: amsbsy 1999/11/29 v1.2d
\pmbraise@=\dimen179
)
(d:\CTEX\MiKTeX\tex\latex\ams\math\amsopn.sty
Package: amsopn 1999/12/14 v2.01 operator names
)
\inf@bad=\count141
LaTeX Info: Redefining \frac on input line 211.
\uproot@=\count142
\leftroot@=\count143
LaTeX Info: Redefining \overline on input line 307.
\classnum@=\count144
\DOTSCASE@=\count145
LaTeX Info: Redefining \ldots on input line 379.
LaTeX Info: Redefining \dots on input line 382.
LaTeX Info: Redefining \cdots on input line 467.
\Mathstrutbox@=\box51
\strutbox@=\box52
\big@size=\dimen180
LaTeX Font Info:    Redeclaring font encoding OML on input line 567.
LaTeX Font Info:    Redeclaring font encoding OMS on input line 568.
\macc@depth=\count146
\c@MaxMatrixCols=\count147
\dotsspace@=\muskip11
\c@parentequation=\count148
\dspbrk@lvl=\count149
\tag@help=\toks35
\row@=\count150
\column@=\count151
\maxfields@=\count152
\andhelp@=\toks36
\eqnshift@=\dimen181
\alignsep@=\dimen182
\tagshift@=\dimen183
\tagwidth@=\dimen184
\totwidth@=\dimen185
\lineht@=\dimen186
\@envbody=\toks37
\multlinegap=\skip55
\multlinetaggap=\skip56
\mathdisplay@stack=\toks38
LaTeX Info: Redefining \[ on input line 2666.
LaTeX Info: Redefining \] on input line 2667.
)
(d:\CTEX\MiKTeX\tex\latex\ams\classes\amsthm.sty
Package: amsthm 2004/08/06 v2.20
\thm@style=\toks39
\thm@bodyfont=\toks40
\thm@headfont=\toks41
\thm@notefont=\toks42
\thm@headpunct=\toks43
\thm@preskip=\skip57
\thm@postskip=\skip58
\thm@headsep=\skip59
\dth@everypar=\toks44
)
\c@theorem=\count153
)
(d:\CTEX\UserData\tex\latex\beamer\base\beamerbasethemes.sty
Package: beamerbasethemes 2010/05/01  (rcs-revision efa082c6111d)
))
(d:\CTEX\UserData\tex\latex\beamer\base\themes\theme\beamerthemedefault.sty
Package: beamerthemedefault 2010/06/17  (rcs-revision d02a7cf4d8ae)

(d:\CTEX\UserData\tex\latex\beamer\base\themes\font\beamerfontthemedefault.sty
Package: beamerfontthemedefault 2012/12/19  (rcs-revision 1686da3db3c9)
)
(d:\CTEX\UserData\tex\latex\beamer\base\themes\color\beamercolorthemedefault.st
y
Package: beamercolorthemedefault 2012/12/19  (rcs-revision 1686da3db3c9)
)
(d:\CTEX\UserData\tex\latex\beamer\base\themes\inner\beamerinnerthemedefault.st
y
Package: beamerinnerthemedefault 2014/06/30  (rcs-revision 580088513a67)
\beamer@dima=\dimen187
\beamer@dimb=\dimen188
)
(d:\CTEX\UserData\tex\latex\beamer\base\themes\outer\beamerouterthemedefault.st
y
Package: beamerouterthemedefault 2012/12/19  (rcs-revision 1686da3db3c9)
)))
\@input{background/background.aux}

("C:\Users\MistyRain\Desktop\Latex beamerÂπªÁÅØÁâáÊ®°Êùø\background/background.
tex" (d:\CTEX\UserData\tex\latex\subfigure\subfigure.sty
Package: subfigure 2002/07/30 v2.1.4 subfigure package
\subfigtopskip=\skip60
\subfigcapskip=\skip61
\subfigcaptopadj=\dimen189
\subfigbottomskip=\skip62
\subfigcapmargin=\dimen190
\subfiglabelskip=\skip63
\c@subfigure=\count154
\c@lofdepth=\count155
\c@subtable=\count156
\c@lotdepth=\count157

****************************************
* Local config file subfigure.cfg used *
****************************************
(d:\CTEX\UserData\tex\latex\subfigure\subfigure.cfg)
\subfig@top=\skip64
\subfig@bottom=\skip65
)
(d:\CTEX\UserData\tex\latex\boxedminipage\boxedminipage.sty)
(d:\CTEX\MiKTeX\tex\latex\tools\bm.sty
Package: bm 2004/02/26 v1.1c Bold Symbol Support (DPC/FMi)
\symboldoperators=\mathgroup6
\symboldletters=\mathgroup7
\symboldsymbols=\mathgroup8
LaTeX Font Info:    Redeclaring math alphabet \mathbf on input line 138.
LaTeX Info: Redefining \bm on input line 204.
)
(d:\CTEX\MiKTeX\tex\generic\babel\babel.sty
Package: babel 2008/07/08 v3.8m The Babel package

*************************************
* Local config file bblopts.cfg used
*
(d:\CTEX\MiKTeX\tex\latex\00miktex\bblopts.cfg
File: bblopts.cfg 2006/07/31 v1.0 MiKTeX 'babel' configuration
)
(d:\CTEX\MiKTeX\tex\generic\babel\english.ldf
Language: english 2005/03/30 v3.3o English support from the babel system

(d:\CTEX\MiKTeX\tex\generic\babel\babel.def
File: babel.def 2008/07/08 v3.8m Babel common definitions
LaTeX Info: Redefining \textlatin on input line 82.
\babel@savecnt=\count158
\U@D=\dimen191
)
\l@british = a dialect from \language0
\l@UKenglish = a dialect from \language0
\l@american = a dialect from \language0
\l@canadian = a dialect from \language\l@american 
\l@australian = a dialect from \language\l@british 
\l@newzealand = a dialect from \language\l@british 
))
(d:\CTEX\MiKTeX\tex\latex\cjk\CJK.sty
Package: CJK 2008/12/29 4.8.2

(d:\CTEX\MiKTeX\tex\latex\cjk\mule\MULEenc.sty
Package: MULEenc 2008/12/29 4.8.2
)
(d:\CTEX\MiKTeX\tex\latex\cjk\CJK.enc
File: CJK.enc 2008/12/29 4.8.2
)
LaTeX Info: Redefining \selectfont on input line 756.
\CJK@indent=\box53
)
(d:\CTEX\MiKTeX\tex\latex\base\inputenc.sty
Package: inputenc 2008/03/30 v1.1d Input encoding file
\inpenc@prehook=\toks45
\inpenc@posthook=\toks46

(d:\CTEX\MiKTeX\tex\latex\base\latin1.def
File: latin1.def 2008/03/30 v1.1d Input encoding file
))
(d:\CTEX\MiKTeX\tex\latex\base\alltt.sty
Package: alltt 1997/06/16 v2.0g defines alltt environment
)
(d:\CTEX\MiKTeX\tex\latex\psnfss\times.sty
Package: times 2005/04/12 PSNFSS-v9.2a (SPQR) 
)
(d:\CTEX\UserData\tex\latex\beamer\base\multimedia\multimedia.sty
Package: multimedia 2012/05/02 ver 0.02
\mm@movie=\count159
)
(d:\CTEX\MiKTeX\tex\latex\tools\multicol.sty
Package: multicol 2011/06/27 v1.7a multicolumn formatting (FMi)
\c@tracingmulticols=\count160
\mult@box=\box54
\multicol@leftmargin=\dimen192
\c@unbalance=\count161
\c@collectmore=\count162
\doublecol@number=\count163
\multicoltolerance=\count164
\multicolpretolerance=\count165
\full@width=\dimen193
\page@free=\dimen194
\premulticols=\dimen195
\postmulticols=\dimen196
\multicolsep=\skip66
\multicolbaselineskip=\skip67
\partial@page=\box55
\last@line=\box56
\mult@rightbox=\box57
\mult@grightbox=\box58
\mult@gfirstbox=\box59
\mult@firstbox=\box60
\@tempa=\box61
\@tempa=\box62
\@tempa=\box63
\@tempa=\box64
\@tempa=\box65
\@tempa=\box66
\@tempa=\box67
\@tempa=\box68
\@tempa=\box69
\@tempa=\box70
\@tempa=\box71
\@tempa=\box72
\@tempa=\box73
\@tempa=\box74
\@tempa=\box75
\@tempa=\box76
\@tempa=\box77
\c@columnbadness=\count166
\c@finalcolumnbadness=\count167
\last@try=\dimen197
\multicolovershoot=\dimen198
\multicolundershoot=\dimen199
\mult@nat@firstbox=\box78
\colbreak@box=\box79
\multicol@sort@counter=\count168
)
(d:\CTEX\UserData\tex\latex\setspace\setspace.sty
Package: setspace 2011/12/19 v6.7a set line spacing
)
(d:\CTEX\UserData\tex\latex\beamer\base\themes\theme\beamerthemeAntibes.sty
Package: beamerthemeAntibes 2010/06/17  (rcs-revision d02a7cf4d8ae)

(d:\CTEX\UserData\tex\latex\beamer\base\themes\outer\beamerouterthemetree.sty
Package: beamerouterthemetree 2010/06/17  (rcs-revision d02a7cf4d8ae)
)
(d:\CTEX\UserData\tex\latex\beamer\base\themes\color\beamercolorthemewhale.sty
Package: beamercolorthemewhale 2010/06/17  (rcs-revision d02a7cf4d8ae)
)
(d:\CTEX\UserData\tex\latex\beamer\base\themes\color\beamercolorthemeorchid.sty
Package: beamercolorthemeorchid 2010/06/17  (rcs-revision d02a7cf4d8ae)
)
(d:\CTEX\UserData\tex\latex\beamer\base\themes\inner\beamerinnerthemerectangles
.sty
Package: beamerinnerthemerectangles 2010/06/17  (rcs-revision d02a7cf4d8ae)
))
(d:\CTEX\UserData\tex\latex\beamer\base\themes\color\beamercolorthemesidebartab
.sty
Package: beamercolorthemesidebartab 2010/06/17  (rcs-revision d02a7cf4d8ae)
)
(d:\CTEX\UserData\tex\latex\beamer\base\themes\inner\beamerinnerthemerounded.st
y
Package: beamerinnerthemerounded 2010/06/17  (rcs-revision d02a7cf4d8ae)
)
\c@exam=\count169
)

Package hyperref Warning: Token not allowed in a PDF string (PDFDocEncoding):
(hyperref)                \kern 11.74988pt
(hyperref)                removed on input line 16.


Package hyperref Warning: Token not allowed in a PDF string (PDFDocEncoding):
(hyperref)                removing `\\' on input line 16.


Package hyperref Warning: Token not allowed in a PDF string (PDFDocEncoding):
(hyperref)                removing `\\' on input line 16.


("C:\Users\MistyRain\Desktop\Latex beamerÂπªÁÅØÁâáÊ®°Êùø\Antennas and Propagati
on.aux" ("C:\Users\MistyRain\Desktop\Latex beamerÂπªÁÅØÁâáÊ®°Êùø\data/ch01.aux"
) ("C:\Users\MistyRain\Desktop\Latex beamerÂπªÁÅØÁâáÊ®°Êùø\data/ch02.aux")
("C:\Users\MistyRain\Desktop\Latex beamerÂπªÁÅØÁâáÊ®°Êùø\data/ch03.aux")
("C:\Users\MistyRain\Desktop\Latex beamerÂπªÁÅØÁâáÊ®°Êùø\data/ch04.aux")
("C:\Users\MistyRain\Desktop\Latex beamerÂπªÁÅØÁâáÊ®°Êùø\data/ch05.aux")
("C:\Users\MistyRain\Desktop\Latex beamerÂπªÁÅØÁâáÊ®°Êùø\data/ch06.aux"))
LaTeX Font Info:    Checking defaults for OML/cmm/m/it on input line 60.
LaTeX Font Info:    ... okay on input line 60.
LaTeX Font Info:    Checking defaults for T1/cmr/m/n on input line 60.
LaTeX Font Info:    ... okay on input line 60.
LaTeX Font Info:    Checking defaults for OT1/cmr/m/n on input line 60.
LaTeX Font Info:    ... okay on input line 60.
LaTeX Font Info:    Checking defaults for OMS/cmsy/m/n on input line 60.
LaTeX Font Info:    ... okay on input line 60.
LaTeX Font Info:    Checking defaults for OMX/cmex/m/n on input line 60.
LaTeX Font Info:    ... okay on input line 60.
LaTeX Font Info:    Checking defaults for U/cmr/m/n on input line 60.
LaTeX Font Info:    ... okay on input line 60.
LaTeX Font Info:    Checking defaults for PD1/pdf/m/n on input line 60.
LaTeX Font Info:    ... okay on input line 60.
LaTeX Font Info:    Checking defaults for C00/song/m/n on input line 60.
LaTeX Font Info:    ... okay on input line 60.
LaTeX Font Info:    Checking defaults for C05/song/m/n on input line 60.
LaTeX Font Info:    ... okay on input line 60.
LaTeX Font Info:    Checking defaults for C09/song/m/n on input line 60.
LaTeX Font Info:    ... okay on input line 60.
LaTeX Font Info:    Checking defaults for C10/song/m/n on input line 60.
LaTeX Font Info:    ... okay on input line 60.
LaTeX Font Info:    Checking defaults for C20/song/m/n on input line 60.
LaTeX Font Info:    ... okay on input line 60.
LaTeX Font Info:    Checking defaults for C19/song/m/n on input line 60.
LaTeX Font Info:    ... okay on input line 60.
LaTeX Font Info:    Checking defaults for C40/song/m/n on input line 60.
LaTeX Font Info:    ... okay on input line 60.
LaTeX Font Info:    Checking defaults for C42/song/m/n on input line 60.
LaTeX Font Info:    ... okay on input line 60.
LaTeX Font Info:    Checking defaults for C43/song/m/n on input line 60.
LaTeX Font Info:    ... okay on input line 60.
LaTeX Font Info:    Checking defaults for C50/song/m/n on input line 60.
LaTeX Font Info:    ... okay on input line 60.
LaTeX Font Info:    Checking defaults for C52/song/m/n on input line 60.
LaTeX Font Info:    ... okay on input line 60.
LaTeX Font Info:    Checking defaults for C49/song/m/n on input line 60.
LaTeX Font Info:    ... okay on input line 60.
LaTeX Font Info:    Checking defaults for C60/mj/m/n on input line 60.
LaTeX Font Info:    ... okay on input line 60.
LaTeX Font Info:    Checking defaults for C61/mj/m/n on input line 60.
LaTeX Font Info:    ... okay on input line 60.
LaTeX Font Info:    Checking defaults for C63/mj/m/n on input line 60.
LaTeX Font Info:    ... okay on input line 60.
LaTeX Font Info:    Checking defaults for C64/mj/m/n on input line 60.
LaTeX Font Info:    ... okay on input line 60.
LaTeX Font Info:    Checking defaults for C65/mj/m/n on input line 60.
LaTeX Font Info:    ... okay on input line 60.
LaTeX Font Info:    Checking defaults for C70/song/m/n on input line 60.
LaTeX Font Info:    ... okay on input line 60.
LaTeX Font Info:    Checking defaults for C31/song/m/n on input line 60.
LaTeX Font Info:    ... okay on input line 60.
LaTeX Font Info:    Checking defaults for C32/song/m/n on input line 60.
LaTeX Font Info:    ... okay on input line 60.
LaTeX Font Info:    Checking defaults for C33/song/m/n on input line 60.
LaTeX Font Info:    ... okay on input line 60.
LaTeX Font Info:    Checking defaults for C34/song/m/n on input line 60.
LaTeX Font Info:    ... okay on input line 60.
LaTeX Font Info:    Checking defaults for C35/song/m/n on input line 60.
LaTeX Font Info:    ... okay on input line 60.
LaTeX Font Info:    Checking defaults for C36/song/m/n on input line 60.
LaTeX Font Info:    ... okay on input line 60.
LaTeX Font Info:    Checking defaults for C37/song/m/n on input line 60.
LaTeX Font Info:    ... okay on input line 60.
LaTeX Font Info:    Checking defaults for C80/song/m/n on input line 60.
LaTeX Font Info:    ... okay on input line 60.
LaTeX Font Info:    Checking defaults for C81/song/m/n on input line 60.
LaTeX Font Info:    ... okay on input line 60.
LaTeX Font Info:    Checking defaults for C01/song/m/n on input line 60.
LaTeX Font Info:    ... okay on input line 60.
LaTeX Font Info:    Checking defaults for C11/song/m/n on input line 60.
LaTeX Font Info:    ... okay on input line 60.
LaTeX Font Info:    Checking defaults for C21/song/m/n on input line 60.
LaTeX Font Info:    ... okay on input line 60.
LaTeX Font Info:    Checking defaults for C41/song/m/n on input line 60.
LaTeX Font Info:    ... okay on input line 60.
LaTeX Font Info:    Checking defaults for C62/song/m/n on input line 60.
LaTeX Font Info:    ... okay on input line 60.
LaTeX Font Info:    Try loading font information for OT1+phv on input line 60.

(d:\CTEX\MiKTeX\tex\latex\psnfss\ot1phv.fd
File: ot1phv.fd 2001/06/04 scalable font definitions for OT1/phv.
)
*geometry* driver: auto-detecting
*geometry* detected driver: pdftex
*geometry* verbose mode - [ preamble ] result:
* driver: pdftex
* paper: custom
* layout: <same size as paper>
* layoutoffset:(h,v)=(0.0pt,0.0pt)
* modes: includehead includefoot 
* h-part:(L,W,R)=(28.45274pt, 307.28987pt, 28.45274pt)
* v-part:(T,H,B)=(0.0pt, 273.14662pt, 0.0pt)
* \paperwidth=364.19536pt
* \paperheight=273.14662pt
* \textwidth=307.28987pt
* \textheight=244.6939pt
* \oddsidemargin=-43.81725pt
* \evensidemargin=-43.81725pt
* \topmargin=-72.26999pt
* \headheight=14.22636pt
* \headsep=0.0pt
* \topskip=12.0pt
* \footskip=14.22636pt
* \marginparwidth=4.0pt
* \marginparsep=10.0pt
* \columnsep=-1.42271pt
* \skip\footins=10.8pt plus 4.0pt minus 2.0pt
* \hoffset=0.0pt
* \voffset=0.0pt
* \mag=1000
* \@twocolumnfalse
* \@twosidefalse
* \@mparswitchfalse
* \@reversemarginfalse
* (1in=72.27pt=25.4mm, 1cm=28.453pt)

(d:\CTEX\MiKTeX\tex\context\base\supp-pdf.mkii
[Loading MPS to PDF converter (version 2006.09.02).]
\scratchcounter=\count170
\scratchdimen=\dimen200
\scratchbox=\box80
\nofMPsegments=\count171
\nofMParguments=\count172
\everyMPshowfont=\toks47
\MPscratchCnt=\count173
\MPscratchDim=\dimen201
\MPnumerator=\count174
\makeMPintoPDFobject=\count175
\everyMPtoPDFconversion=\toks48
) ABD: EveryShipout initializing macros
\AtBeginShipoutBox=\box81
Package hyperref Info: Link coloring OFF on input line 60.

(d:\CTEX\MiKTeX\tex\latex\hyperref\nameref.sty
Package: nameref 2010/04/30 v2.40 Cross-referencing by name of section

(d:\CTEX\MiKTeX\tex\generic\oberdiek\gettitlestring.sty
Package: gettitlestring 2010/12/03 v1.4 Cleanup title references (HO)
)
\c@section@level=\count176
)
LaTeX Info: Redefining \ref on input line 60.
LaTeX Info: Redefining \pageref on input line 60.
LaTeX Info: Redefining \nameref on input line 60.

("C:\Users\MistyRain\Desktop\Latex beamerÂπªÁÅØÁâáÊ®°Êùø\Antennas and Propagati
on.out")
("C:\Users\MistyRain\Desktop\Latex beamerÂπªÁÅØÁâáÊ®°Êùø\Antennas and Propagati
on.out")
\@outlinefile=\write5
\symnumbers=\mathgroup9
\sympureletters=\mathgroup10
LaTeX Font Info:    Overwriting math alphabet `\mathrm' in version `normal'
(Font)                  OT1/cmr/m/n --> OT1/ptm/m/n on input line 60.
LaTeX Font Info:    Redeclaring math alphabet \mathbf on input line 60.
LaTeX Font Info:    Redeclaring math alphabet \mathsf on input line 60.
LaTeX Font Info:    Overwriting math alphabet `\mathsf' in version `normal'
(Font)                  OT1/cmss/m/n --> OT1/phv/m/n on input line 60.
LaTeX Font Info:    Overwriting math alphabet `\mathsf' in version `bold'
(Font)                  OT1/cmss/bx/n --> OT1/phv/m/n on input line 60.
LaTeX Font Info:    Redeclaring math alphabet \mathit on input line 60.
LaTeX Font Info:    Overwriting math alphabet `\mathit' in version `normal'
(Font)                  OT1/cmr/m/it --> OT1/ptm/m/it on input line 60.
LaTeX Font Info:    Overwriting math alphabet `\mathit' in version `bold'
(Font)                  OT1/cmr/bx/it --> OT1/ptm/m/it on input line 60.
LaTeX Font Info:    Redeclaring math alphabet \mathtt on input line 60.
LaTeX Font Info:    Overwriting math alphabet `\mathtt' in version `normal'
(Font)                  OT1/cmtt/m/n --> OT1/pcr/m/n on input line 60.
LaTeX Font Info:    Overwriting math alphabet `\mathtt' in version `bold'
(Font)                  OT1/cmtt/m/n --> OT1/pcr/m/n on input line 60.
LaTeX Font Info:    Overwriting symbol font `numbers' in version `bold'
(Font)                  OT1/ptm/m/n --> OT1/ptm/bx/n on input line 60.
LaTeX Font Info:    Overwriting symbol font `pureletters' in version `bold'
(Font)                  OT1/ptm/m/it --> OT1/ptm/bx/it on input line 60.
LaTeX Font Info:    Overwriting math alphabet `\mathrm' in version `bold'
(Font)                  OT1/cmr/bx/n --> OT1/ptm/bx/n on input line 60.
LaTeX Font Info:    Overwriting math alphabet `\mathbf' in version `bold'
(Font)                  OT1/ptm/bx/n --> OT1/ptm/bx/n on input line 60.
LaTeX Font Info:    Overwriting math alphabet `\mathsf' in version `bold'
(Font)                  OT1/phv/m/n --> OT1/phv/bx/n on input line 60.
LaTeX Font Info:    Overwriting math alphabet `\mathit' in version `bold'
(Font)                  OT1/ptm/m/it --> OT1/ptm/bx/it on input line 60.
LaTeX Font Info:    Overwriting math alphabet `\mathtt' in version `bold'
(Font)                  OT1/pcr/m/n --> OT1/pcr/bx/n on input line 60.

(d:\CTEX\UserData\tex\latex\beamer\base\translator\dicts\translator-basic-dicti
onary\translator-basic-dictionary-English.dict
Dictionary: translator-basic-dictionary, Language: English 
)
(d:\CTEX\UserData\tex\latex\beamer\base\translator\dicts\translator-bibliograph
y-dictionary\translator-bibliography-dictionary-English.dict
Dictionary: translator-bibliography-dictionary, Language: English 
)
(d:\CTEX\UserData\tex\latex\beamer\base\translator\dicts\translator-environment
-dictionary\translator-environment-dictionary-English.dict
Dictionary: translator-environment-dictionary, Language: English 
)
(d:\CTEX\UserData\tex\latex\beamer\base\translator\dicts\translator-months-dict
ionary\translator-months-dictionary-English.dict
Dictionary: translator-months-dictionary, Language: English 
)
(d:\CTEX\UserData\tex\latex\beamer\base\translator\dicts\translator-numbers-dic
tionary\translator-numbers-dictionary-English.dict
Dictionary: translator-numbers-dictionary, Language: English 
)
(d:\CTEX\UserData\tex\latex\beamer\base\translator\dicts\translator-theorem-dic
tionary\translator-theorem-dictionary-English.dict
Dictionary: translator-theorem-dictionary, Language: English 
)
LaTeX Info: Redefining \includegraphics on input line 60.

("C:\Users\MistyRain\Desktop\Latex beamerÂπªÁÅØÁâáÊ®°Êùø\Antennas and Propagati
on.nav") (d:\CTEX\MiKTeX\tex\latex\cjk\standard.bdg
File: standard.bdg 2008/12/29 4.8.2
)
(d:\CTEX\MiKTeX\tex\latex\cjk\extended.enc
File: extended.enc 2008/12/29 4.8.2
)
(d:\CTEX\MiKTeX\tex\latex\cjk\extended.chr
File: extended.chr 2008/12/29 4.8.2
)
LaTeX Font Info:    Try loading font information for C19+kai on input line 68.

(d:\CTEX\CTeX\tex\latex\CJK\GB\c19kai.fd
File: c19kai.fd 2009/09/23 4.8.2
) [1{d:/CTEX/UserData/pdftex/config/pdftex.map{Unicode.sfd}{UGBK.sfd}}



]
LaTeX Font Info:    Font shape `OT1/phv/bx/n' in size <12> not available
(Font)              Font shape `OT1/phv/b/n' tried instead on input line 95.

Overfull \hbox (8.48726pt too wide) in paragraph at lines 95--95
[]\OT1/phv/m/n/10.95 Antenna The-ory Anal-y-sis and De-sign (3rd.Edition), Con-

 []

[2

]
Overfull \hbox (8.48726pt too wide) in paragraph at lines 95--95
[]\OT1/phv/m/n/10.95 Antenna The-ory Anal-y-sis and De-sign (3rd.Edition), Con-

 []

[3

]
Overfull \hbox (8.48726pt too wide) in paragraph at lines 95--95
[]\OT1/phv/m/n/10.95 Antenna The-ory Anal-y-sis and De-sign (3rd.Edition), Con-

 []

[4

]
("C:\Users\MistyRain\Desktop\Latex beamerÂπªÁÅØÁâáÊ®°Êùø\Antennas and Propagati
on.toc") [5

]
("C:\Users\MistyRain\Desktop\Latex beamerÂπªÁÅØÁâáÊ®°Êùø\data/ch01.tex"
("C:\Users\MistyRain\Desktop\Latex beamerÂπªÁÅØÁâáÊ®°Êùø\Antennas and Propagati
on.toc")
Overfull \hbox (14.65407pt too wide) in paragraph at lines 30--30
[][] 
 []


Overfull \hbox (14.65407pt too wide) in paragraph at lines 30--30
[][] 
 []


Overfull \vbox (51.3391pt too high) detected at line 30
 []


Overfull \vbox (50.3391pt too high) detected at line 30
 []


Overfull \vbox (49.3391pt too high) detected at line 30
 []


Overfull \vbox (48.3391pt too high) detected at line 30
 []


Overfull \vbox (47.3391pt too high) detected at line 30
 []


Overfull \vbox (46.3391pt too high) detected at line 30
 []


Overfull \vbox (45.3391pt too high) detected at line 30
 []


Overfull \vbox (44.3391pt too high) detected at line 30
 []


Overfull \vbox (43.3391pt too high) detected at line 30
 []


Overfull \vbox (42.3391pt too high) detected at line 30
 []


Overfull \vbox (41.3391pt too high) detected at line 30
 []


Overfull \vbox (40.3391pt too high) detected at line 30
 []


Overfull \vbox (39.3391pt too high) detected at line 30
 []


Overfull \vbox (38.3391pt too high) detected at line 30
 []


Overfull \vbox (37.3391pt too high) detected at line 30
 []


Overfull \vbox (36.3391pt too high) detected at line 30
 []


Overfull \vbox (35.3391pt too high) detected at line 30
 []


Overfull \vbox (34.3391pt too high) detected at line 30
 []


Overfull \vbox (33.3391pt too high) detected at line 30
 []


Overfull \vbox (32.3391pt too high) detected at line 30
 []


Overfull \vbox (31.3391pt too high) detected at line 30
 []


Overfull \vbox (30.3391pt too high) detected at line 30
 []


Overfull \vbox (29.3391pt too high) detected at line 30
 []

[6


]
LaTeX Font Info:    Try loading font information for U+msa on input line 53.
 (d:\CTEX\MiKTeX\tex\latex\amsfonts\umsa.fd
File: umsa.fd 2009/06/22 v3.00 AMS symbols A
)
LaTeX Font Info:    Try loading font information for U+msb on input line 53.

(d:\CTEX\MiKTeX\tex\latex\amsfonts\umsb.fd
File: umsb.fd 2009/06/22 v3.00 AMS symbols B
)
LaTeX Font Info:    Try loading font information for OT1+ptm on input line 53.

(d:\CTEX\MiKTeX\tex\latex\psnfss\ot1ptm.fd
File: ot1ptm.fd 2001/06/04 font definitions for OT1/ptm.
)

pdfTeX warning: pdflatex.exe (file C:/Users/MistyRain/Desktop/Latex beamerÂπªÁÅ
ØÁâáÊ®°Êùø/figure/ch1/first_radio_link.pdf): PDF inclusion: found PDF version <
1.6>, but at most version <1.5> allowed
<figure/ch1/first_radio_link.pdf, id=148, 348.30125pt x 230.8625pt>
File: figure/ch1/first_radio_link.pdf Graphic file (type pdf)

<use figure/ch1/first_radio_link.pdf>
Package pdftex.def Info: figure/ch1/first_radio_link.pdf used on input line 53.

(pdftex.def)             Requested size: 139.31802pt x 92.34335pt.
 [7

 <C:/Users/MistyRain/Desktop/Latex beamerÂπªÁÅØÁâáÊ®°Êùø/figure/ch1/first_radio
_link.pdf>]
Overfull \hbox (2.08499pt too wide) in paragraph at lines 70--70
[]\OT1/phv/m/n/12 In 1901, Guglielmo Mar-coni per-formed the first transat-
 []



pdfTeX warning: pdflatex.exe (file C:/Users/MistyRain/Desktop/Latex beamerÂπªÁÅ
ØÁâáÊ®°Êùø/figure/ch1/antenna_marconi.pdf): PDF inclusion: found PDF version <1
.6>, but at most version <1.5> allowed
<figure/ch1/antenna_marconi.pdf, id=169, 232.87pt x 207.77625pt>
File: figure/ch1/antenna_marconi.pdf Graphic file (type pdf)

<use figure/ch1/antenna_marconi.pdf>
Package pdftex.def Info: figure/ch1/antenna_marconi.pdf used on input line 70.
(pdftex.def)             Requested size: 116.43471pt x 103.88786pt.
 [8

 <C:/Users/MistyRain/Desktop/Latex beamerÂπªÁÅØÁâáÊ®°Êùø/figure/ch1/antenna_mar
coni.pdf>]
Overfull \hbox (13.95285pt too wide) in paragraph at lines 91--91
\OT1/phv/m/n/12 ad-vance of mod-ern an-tenna tech-nol-ogy, nu-mer-i-cal meth-
 []


Overfull \hbox (1.77097pt too wide) in paragraph at lines 91--91
\OT1/phv/m/n/12 ods were in-tro-duced that al-lowed pre-vi-ously in-tractable
 []


Overfull \hbox (2.9353pt too wide) in paragraph at lines 91--91
\OT1/phv/m/n/12 com-plex an-tenna sys-tem con-fig-u-ra-tions to be an-a-lyzed
 []

[9

]
Overfull \hbox (13.95285pt too wide) in paragraph at lines 91--91
\OT1/phv/m/n/12 ad-vance of mod-ern an-tenna tech-nol-ogy, nu-mer-i-cal meth-
 []


Overfull \hbox (1.77097pt too wide) in paragraph at lines 91--91
\OT1/phv/m/n/12 ods were in-tro-duced that al-lowed pre-vi-ously in-tractable
 []


Overfull \hbox (2.9353pt too wide) in paragraph at lines 91--91
\OT1/phv/m/n/12 com-plex an-tenna sys-tem con-fig-u-ra-tions to be an-a-lyzed
 []

[10

]
Overfull \hbox (11.9102pt too wide) in paragraph at lines 117--117
[]\OT1/phv/m/n/12 A di-men-sion de-fines some phys-i-cal char-ac-ter-is-tic. Th
ere
 []


Overfull \hbox (0.37pt too wide) in paragraph at lines 117--117
\OT1/phv/m/n/12 amount of sub-stance, rep-re-sented as $\OT1/ptm/m/it/12 L\OML/
cmm/m/it/12 ; \OT1/ptm/m/it/12 M\OML/cmm/m/it/12 ; \OT1/ptm/m/it/12 T\OML/cmm/m
/it/12 ; \OT1/ptm/m/it/12 I\OML/cmm/m/it/12 ; \OMS/cmsy/m/n/12 T\OML/cmm/m/it/1
2 ; \OMS/cmsy/m/n/12 I\OML/cmm/m/it/12 ; \OT1/ptm/m/it/12 N$
 []

[11

]
Overfull \hbox (11.9102pt too wide) in paragraph at lines 117--117
[]\OT1/phv/m/n/12 A di-men-sion de-fines some phys-i-cal char-ac-ter-is-tic. Th
ere
 []


Overfull \hbox (0.37pt too wide) in paragraph at lines 117--117
\OT1/phv/m/n/12 amount of sub-stance, rep-re-sented as $\OT1/ptm/m/it/12 L\OML/
cmm/m/it/12 ; \OT1/ptm/m/it/12 M\OML/cmm/m/it/12 ; \OT1/ptm/m/it/12 T\OML/cmm/m
/it/12 ; \OT1/ptm/m/it/12 I\OML/cmm/m/it/12 ; \OMS/cmsy/m/n/12 T\OML/cmm/m/it/1
2 ; \OMS/cmsy/m/n/12 I\OML/cmm/m/it/12 ; \OT1/ptm/m/it/12 N$
 []

[12

]
Overfull \hbox (11.9102pt too wide) in paragraph at lines 117--117
[]\OT1/phv/m/n/12 A di-men-sion de-fines some phys-i-cal char-ac-ter-is-tic. Th
ere
 []


Overfull \hbox (0.37pt too wide) in paragraph at lines 117--117
\OT1/phv/m/n/12 amount of sub-stance, rep-re-sented as $\OT1/ptm/m/it/12 L\OML/
cmm/m/it/12 ; \OT1/ptm/m/it/12 M\OML/cmm/m/it/12 ; \OT1/ptm/m/it/12 T\OML/cmm/m
/it/12 ; \OT1/ptm/m/it/12 I\OML/cmm/m/it/12 ; \OMS/cmsy/m/n/12 T\OML/cmm/m/it/1
2 ; \OMS/cmsy/m/n/12 I\OML/cmm/m/it/12 ; \OT1/ptm/m/it/12 N$
 []

[13

] [14

] [15

] [16

] [17

] [18

]
Overfull \hbox (18.67789pt too wide) in paragraph at lines 178--178
[]\OT1/phv/m/n/12 Candela(cd): lu-mi-nous in-ten-sity equal to that of 1/600,00
0
 []

[19

]
Overfull \hbox (18.67789pt too wide) in paragraph at lines 178--178
[]\OT1/phv/m/n/12 Candela(cd): lu-mi-nous in-ten-sity equal to that of 1/600,00
0
 []

[20

]
Overfull \hbox (6.17737pt too wide) in paragraph at lines 221--221
 [] 
 []


Overfull \vbox (0.96237pt too high) detected at line 221
 []

[21

]
LaTeX Font Info:    Font shape `OT1/phv/m/it' in size <10.95> not available
(Font)              Font shape `OT1/phv/m/sl' tried instead on input line 251.
LaTeX Font Info:    Font shape `OT1/ptm/bx/n' in size <10.95> not available
(Font)              Font shape `OT1/ptm/b/n' tried instead on input line 251.
LaTeX Font Info:    Font shape `OT1/ptm/bx/n' in size <8> not available
(Font)              Font shape `OT1/ptm/b/n' tried instead on input line 251.
LaTeX Font Info:    Font shape `OT1/ptm/bx/n' in size <6> not available
(Font)              Font shape `OT1/ptm/b/n' tried instead on input line 251.
 [22

] [23

]
Underfull \hbox (badness 1158) in paragraph at lines 272--272
\OT1/phv/m/sl/10.95 Since ac-cel-er-a-tion has the di-men-sions of length per t
ime
 []

[24

]
Underfull \hbox (badness 1158) in paragraph at lines 272--272
\OT1/phv/m/sl/10.95 Since ac-cel-er-a-tion has the di-men-sions of length per t
ime
 []

[25

] [26

]

pdfTeX warning: pdflatex.exe (file C:/Users/MistyRain/Desktop/Latex beamerÂπªÁÅ
ØÁâáÊ®°Êùø/figure/ch1/em_spectrum.pdf): PDF inclusion: found PDF version <1.6>,
 but at most version <1.5> allowed
<figure/ch1/em_spectrum.pdf, id=427, 2007.5pt x 1074.0125pt>
File: figure/ch1/em_spectrum.pdf Graphic file (type pdf)

<use figure/ch1/em_spectrum.pdf>
Package pdftex.def Info: figure/ch1/em_spectrum.pdf used on input line 307.
(pdftex.def)             Requested size: 312.9803pt x 167.4371pt.

Overfull \hbox (5.69043pt too wide) in paragraph at lines 307--307
 [] 
 []

[27

 <C:/Users/MistyRain/Desktop/Latex beamerÂπªÁÅØÁâáÊ®°Êùø/figure/ch1/em_spectrum
.pdf>]
LaTeX Font Info:    Font shape `OT1/ptm/bx/n' in size <5> not available
(Font)              Font shape `OT1/ptm/b/n' tried instead on input line 346.

Overfull \hbox (10.03001pt too wide) in paragraph at lines 346--346
 [] 
 []


Overfull \vbox (7.7669pt too high) detected at line 346
 []

[28

]
LaTeX Font Info:    Font shape `OT1/ptm/bx/n' in size <10> not available
(Font)              Font shape `OT1/ptm/b/n' tried instead on input line 417.
LaTeX Font Info:    Font shape `OT1/ptm/bx/n' in size <7> not available
(Font)              Font shape `OT1/ptm/b/n' tried instead on input line 417.

Overfull \vbox (9.18707pt too high) detected at line 417
 []

[29

]) ("C:\Users\MistyRain\Desktop\Latex beamerÂπªÁÅØÁâáÊ®°Êùø\data/ch02.tex"
("C:\Users\MistyRain\Desktop\Latex beamerÂπªÁÅØÁâáÊ®°Êùø\Antennas and Propagati
on.toc")
Overfull \hbox (14.65407pt too wide) in paragraph at lines 33--33
[][] 
 []


Overfull \hbox (14.65407pt too wide) in paragraph at lines 33--33
[][] 
 []


Overfull \vbox (5.7571pt too high) detected at line 33
 []

[30



]

pdfTeX warning: pdflatex.exe (file C:/Users/MistyRain/Desktop/Latex beamerÂπªÁÅ
ØÁâáÊ®°Êùø/figure/ch2/antenna1.pdf): PDF inclusion: found PDF version <1.6>, bu
t at most version <1.5> allowed
<figure/ch2/antenna1.pdf, id=502, 228.25275pt x 331.00662pt>
File: figure/ch2/antenna1.pdf Graphic file (type pdf)

<use figure/ch2/antenna1.pdf>
Package pdftex.def Info: figure/ch2/antenna1.pdf used on input line 69.
(pdftex.def)             Requested size: 85.35826pt x 123.78372pt.


pdfTeX warning: pdflatex.exe (file C:/Users/MistyRain/Desktop/Latex beamerÂπªÁÅ
ØÁâáÊ®°Êùø/figure/ch2/antenna2.pdf): PDF inclusion: found PDF version <1.6>, bu
t at most version <1.5> allowed
<figure/ch2/antenna2.pdf, id=503, 310.15875pt x 333.49594pt>
File: figure/ch2/antenna2.pdf Graphic file (type pdf)

<use figure/ch2/antenna2.pdf>
Package pdftex.def Info: figure/ch2/antenna2.pdf used on input line 69.
(pdftex.def)             Requested size: 85.35826pt x 91.78035pt.

<figure/ch2/antenna3.pdf, id=504, 845.1575pt x 597.45204pt>
File: figure/ch2/antenna3.pdf Graphic file (type pdf)

<use figure/ch2/antenna3.pdf>
Package pdftex.def Info: figure/ch2/antenna3.pdf used on input line 69.
(pdftex.def)             Requested size: 85.35826pt x 60.34126pt.


pdfTeX warning: pdflatex.exe (file C:/Users/MistyRain/Desktop/Latex beamerÂπªÁÅ
ØÁâáÊ®°Êùø/figure/ch2/antenna4.pdf): PDF inclusion: found PDF version <1.6>, bu
t at most version <1.5> allowed
<figure/ch2/antenna4.pdf, id=505, 113.10255pt x 108.405pt>
File: figure/ch2/antenna4.pdf Graphic file (type pdf)

<use figure/ch2/antenna4.pdf>
Package pdftex.def Info: figure/ch2/antenna4.pdf used on input line 69.
(pdftex.def)             Requested size: 85.35826pt x 81.813pt.


pdfTeX warning: pdflatex.exe (file C:/Users/MistyRain/Desktop/Latex beamerÂπªÁÅ
ØÁâáÊ®°Êùø/figure/ch2/antenna5.pdf): PDF inclusion: found PDF version <1.6>, bu
t at most version <1.5> allowed
<figure/ch2/antenna5.pdf, id=506, 597.23125pt x 451.6875pt>
File: figure/ch2/antenna5.pdf Graphic file (type pdf)

<use figure/ch2/antenna5.pdf>
Package pdftex.def Info: figure/ch2/antenna5.pdf used on input line 69.
(pdftex.def)             Requested size: 85.35826pt x 64.55222pt.
 [31

 <C:/Users/MistyRain/Desktop/Latex beamerÂπªÁÅØÁâáÊ®°Êùø/figure/ch2/antenna1.pd
f> <C:/Users/MistyRain/Desktop/Latex beamerÂπªÁÅØÁâáÊ®°Êùø/figure/ch2/antenna2.
pdf> <C:/Users/MistyRain/Desktop/Latex beamerÂπªÁÅØÁâáÊ®°Êùø/figure/ch2/antenna
3.pdf, page is rotated 90 degrees> <C:/Users/MistyRain/Desktop/Latex beamerÂπªÁ
ÅØÁâáÊ®°Êùø/figure/ch2/antenna4.pdf> <C:/Users/MistyRain/Desktop/Latex beamerÂπ
ªÁÅØÁâáÊ®°Êùø/figure/ch2/antenna5.pdf>]

pdfTeX warning: pdflatex.exe (file C:/Users/MistyRain/Desktop/Latex beamerÂπªÁÅ
ØÁâáÊ®°Êùø/figure/ch2/antenna6.pdf): PDF inclusion: found PDF version <1.6>, bu
t at most version <1.5> allowed
<figure/ch2/antenna6.pdf, id=537, 224.68944pt x 269.36633pt>
File: figure/ch2/antenna6.pdf Graphic file (type pdf)

<use figure/ch2/antenna6.pdf>
Package pdftex.def Info: figure/ch2/antenna6.pdf used on input line 104.
(pdftex.def)             Requested size: 85.35826pt x 102.32738pt.


pdfTeX warning: pdflatex.exe (file C:/Users/MistyRain/Desktop/Latex beamerÂπªÁÅ
ØÁâáÊ®°Êùø/figure/ch2/antenna7.pdf): PDF inclusion: found PDF version <1.6>, bu
t at most version <1.5> allowed
<figure/ch2/antenna7.pdf, id=538, 322.20375pt x 394.47375pt>
File: figure/ch2/antenna7.pdf Graphic file (type pdf)

<use figure/ch2/antenna7.pdf>
Package pdftex.def Info: figure/ch2/antenna7.pdf used on input line 104.
(pdftex.def)             Requested size: 85.35826pt x 104.50494pt.


pdfTeX warning: pdflatex.exe (file C:/Users/MistyRain/Desktop/Latex beamerÂπªÁÅ
ØÁâáÊ®°Êùø/figure/ch2/antenna8.pdf): PDF inclusion: found PDF version <1.6>, bu
t at most version <1.5> allowed
<figure/ch2/antenna8.pdf, id=539, 421.575pt x 220.825pt>
File: figure/ch2/antenna8.pdf Graphic file (type pdf)

<use figure/ch2/antenna8.pdf>
Package pdftex.def Info: figure/ch2/antenna8.pdf used on input line 104.
(pdftex.def)             Requested size: 85.35826pt x 44.71007pt.


pdfTeX warning: pdflatex.exe (file C:/Users/MistyRain/Desktop/Latex beamerÂπªÁÅ
ØÁâáÊ®°Êùø/figure/ch2/antenna9.pdf): PDF inclusion: found PDF version <1.6>, bu
t at most version <1.5> allowed
<figure/ch2/antenna9.pdf, id=540, 242.40562pt x 182.93344pt>
File: figure/ch2/antenna9.pdf Graphic file (type pdf)

<use figure/ch2/antenna9.pdf>
Package pdftex.def Info: figure/ch2/antenna9.pdf used on input line 104.
(pdftex.def)             Requested size: 85.35826pt x 64.41565pt.


pdfTeX warning: pdflatex.exe (file C:/Users/MistyRain/Desktop/Latex beamerÂπªÁÅ
ØÁâáÊ®°Êùø/figure/ch2/antenna10.pdf): PDF inclusion: found PDF version <1.6>, b
ut at most version <1.5> allowed
<figure/ch2/antenna10.pdf, id=541, 861.2175pt x 581.17125pt>
File: figure/ch2/antenna10.pdf Graphic file (type pdf)

<use figure/ch2/antenna10.pdf>
Package pdftex.def Info: figure/ch2/antenna10.pdf used on input line 104.
(pdftex.def)             Requested size: 85.35826pt x 57.59732pt.
 [32

 <C:/Users/MistyRain/Desktop/Latex beamerÂπªÁÅØÁâáÊ®°Êùø/figure/ch2/antenna6.pd
f> <C:/Users/MistyRain/Desktop/Latex beamerÂπªÁÅØÁâáÊ®°Êùø/figure/ch2/antenna7.
pdf> <C:/Users/MistyRain/Desktop/Latex beamerÂπªÁÅØÁâáÊ®°Êùø/figure/ch2/antenna
8.pdf> <C:/Users/MistyRain/Desktop/Latex beamerÂπªÁÅØÁâáÊ®°Êùø/figure/ch2/anten
na9.pdf> <C:/Users/MistyRain/Desktop/Latex beamerÂπªÁÅØÁâáÊ®°Êùø/figure/ch2/ant
enna10.pdf>]

pdfTeX warning: pdflatex.exe (file C:/Users/MistyRain/Desktop/Latex beamerÂπªÁÅ
ØÁâáÊ®°Êùø/figure/ch2/antenna11.pdf): PDF inclusion: found PDF version <1.6>, b
ut at most version <1.5> allowed
<figure/ch2/antenna11.pdf, id=570, 393.47pt x 412.54124pt>
File: figure/ch2/antenna11.pdf Graphic file (type pdf)

<use figure/ch2/antenna11.pdf>
Package pdftex.def Info: figure/ch2/antenna11.pdf used on input line 128.
(pdftex.def)             Requested size: 85.35826pt x 89.49408pt.

<figure/ch2/antenna12.pdf, id=571, 441.65pt x 430.60875pt>
File: figure/ch2/antenna12.pdf Graphic file (type pdf)

<use figure/ch2/antenna12.pdf>
Package pdftex.def Info: figure/ch2/antenna12.pdf used on input line 128.
(pdftex.def)             Requested size: 85.35826pt x 83.2226pt.


pdfTeX warning: pdflatex.exe (file C:/Users/MistyRain/Desktop/Latex beamerÂπªÁÅ
ØÁâáÊ®°Êùø/figure/ch2/antenna13.pdf): PDF inclusion: found PDF version <1.6>, b
ut at most version <1.5> allowed
<figure/ch2/antenna13.pdf, id=572, 602.25pt x 451.6875pt>
File: figure/ch2/antenna13.pdf Graphic file (type pdf)

<use figure/ch2/antenna13.pdf>
Package pdftex.def Info: figure/ch2/antenna13.pdf used on input line 128.
(pdftex.def)             Requested size: 85.35826pt x 64.01463pt.
 [33

 <C:/Users/MistyRain/Desktop/Latex beamerÂπªÁÅØÁâáÊ®°Êùø/figure/ch2/antenna11.p
df> <C:/Users/MistyRain/Desktop/Latex beamerÂπªÁÅØÁâáÊ®°Êùø/figure/ch2/antenna1
2.pdf> <C:/Users/MistyRain/Desktop/Latex beamerÂπªÁÅØÁâáÊ®°Êùø/figure/ch2/anten
na13.pdf>]
LaTeX Font Info:    Font shape `OT1/ptm/bx/n' in size <12> not available
(Font)              Font shape `OT1/ptm/b/n' tried instead on input line 153.
 [34

] [35

]

pdfTeX warning: pdflatex.exe (file C:/Users/MistyRain/Desktop/Latex beamerÂπªÁÅ
ØÁâáÊ®°Êùø/figure/ch2/antenna_region.pdf): PDF inclusion: found PDF version <1.
6>, but at most version <1.5> allowed
<figure/ch2/antenna_region.pdf, id=623, 691.58376pt x 259.97125pt>
File: figure/ch2/antenna_region.pdf Graphic file (type pdf)

<use figure/ch2/antenna_region.pdf>
Package pdftex.def Info: figure/ch2/antenna_region.pdf used on input line 166.
(pdftex.def)             Requested size: 312.9803pt x 117.6524pt.

Overfull \hbox (5.69043pt too wide) in paragraph at lines 166--166
 [] 
 []

[36

 <C:/Users/MistyRain/Desktop/Latex beamerÂπªÁÅØÁâáÊ®°Êùø/figure/ch2/antenna_reg
ion.pdf>] [37

] [38

] [39

] [40

] [41

] [42

] [43

] [44

] [45

] [46

] [47

] [48

]
[49

] [50

] [51

] [52

] [53

] [54

])
("C:\Users\MistyRain\Desktop\Latex beamerÂπªÁÅØÁâáÊ®°Êùø\data/ch03.tex"
("C:\Users\MistyRain\Desktop\Latex beamerÂπªÁÅØÁâáÊ®°Êùø\Antennas and Propagati
on.toc")
Overfull \hbox (14.65407pt too wide) in paragraph at lines 32--32
[][] 
 []


Overfull \hbox (14.65407pt too wide) in paragraph at lines 32--32
[][] 
 []


Overfull \vbox (5.7571pt too high) detected at line 32
 []

[55



] [56

] [57

] [58

] [59

] [60

] [61

] [62

] [63

] [64

])
("C:\Users\MistyRain\Desktop\Latex beamerÂπªÁÅØÁâáÊ®°Êùø\data/ch04.tex"
("C:\Users\MistyRain\Desktop\Latex beamerÂπªÁÅØÁâáÊ®°Êùø\Antennas and Propagati
on.toc")
Overfull \hbox (14.65407pt too wide) in paragraph at lines 30--30
[][] 
 []


Overfull \hbox (14.65407pt too wide) in paragraph at lines 30--30
[][] 
 []

[65



] [66

] [67

] [68

] [69

] [70

] [71

] [72

])
("C:\Users\MistyRain\Desktop\Latex beamerÂπªÁÅØÁâáÊ®°Êùø\data/ch05.tex"
("C:\Users\MistyRain\Desktop\Latex beamerÂπªÁÅØÁâáÊ®°Êùø\Antennas and Propagati
on.toc")
Overfull \hbox (14.65407pt too wide) in paragraph at lines 30--30
[][] 
 []


Overfull \hbox (14.65407pt too wide) in paragraph at lines 30--30
[][] 
 []


Overfull \vbox (9.7571pt too high) detected at line 30
 []

[73



] [74

] [75

] [76

] [77

] [78

] [79

] [80

] [81

])
("C:\Users\MistyRain\Desktop\Latex beamerÂπªÁÅØÁâáÊ®°Êùø\data/ch06.tex"
("C:\Users\MistyRain\Desktop\Latex beamerÂπªÁÅØÁâáÊ®°Êùø\Antennas and Propagati
on.toc")
Overfull \hbox (14.65407pt too wide) in paragraph at lines 28--28
[][] 
 []


Overfull \hbox (14.65407pt too wide) in paragraph at lines 28--28
[][] 
 []


Overfull \vbox (16.7571pt too high) detected at line 28
 []

[82



] [83

] [84

]

pdfTeX warning: pdflatex.exe (file C:/Users/MistyRain/Desktop/Latex beamerÂπªÁÅ
ØÁâáÊ®°Êùø/figure/ch6/em_spectrum_properties.pdf): PDF inclusion: found PDF ver
sion <1.6>, but at most version <1.5> allowed
<figure/ch6/em_spectrum_properties.pdf, id=1271, 1003.75pt x 595.22375pt>
File: figure/ch6/em_spectrum_properties.pdf Graphic file (type pdf)

<use figure/ch6/em_spectrum_properties.pdf>
Package pdftex.def Info: figure/ch6/em_spectrum_properties.pdf used on input li
ne 110.
(pdftex.def)             Requested size: 312.9803pt x 185.59825pt.

Overfull \hbox (5.69043pt too wide) in paragraph at lines 110--110
 [] 
 []

[85

 <C:/Users/MistyRain/Desktop/Latex beamerÂπªÁÅØÁâáÊ®°Êùø/figure/ch6/em_spectrum
_properties.pdf>]

pdfTeX warning: pdflatex.exe (file C:/Users/MistyRain/Desktop/Latex beamerÂπªÁÅ
ØÁâáÊ®°Êùø/figure/ch6/atmospheric_electromagnetic_opacity.pdf): PDF inclusion: 
found PDF version <1.6>, but at most version <1.5> allowed

<figure/ch6/atmospheric_electromagnetic_opacity.pdf, id=1287, 1003.75pt x 474.7
7374pt>
File: figure/ch6/atmospheric_electromagnetic_opacity.pdf Graphic file (type pdf
)
 <use figure/ch6/atmospheric_electromagnetic_opacity.pdf>
Package pdftex.def Info: figure/ch6/atmospheric_electromagnetic_opacity.pdf use
d on input line 123.
(pdftex.def)             Requested size: 312.98189pt x 170.71556pt.

Overfull \hbox (5.69202pt too wide) in paragraph at lines 123--123
 [] 
 []

[86

 <C:/Users/MistyRain/Desktop/Latex beamerÂπªÁÅØÁâáÊ®°Êùø/figure/ch6/atmospheric
_electromagnetic_opacity.pdf>]
Overfull \hbox (8.93074pt too wide) in paragraph at lines 142--142
[]\OT1/phv/m/n/12 Wave of cer-tain fre-quency and po-lar-iza-tion matches mediu
m
 []

[87

]
Overfull \hbox (8.93074pt too wide) in paragraph at lines 142--142
[]\OT1/phv/m/n/12 Wave of cer-tain fre-quency and po-lar-iza-tion matches mediu
m
 []

[88

] [89

] [90

] [91

] [92

] [93

])
\tf@nav=\write6
\tf@toc=\write7
\tf@snm=\write8
Package atveryend Info: Empty hook `BeforeClearDocument' on input line 153.
Package atveryend Info: Empty hook `AfterLastShipout' on input line 153.

("C:\Users\MistyRain\Desktop\Latex beamerÂπªÁÅØÁâáÊ®°Êùø\Antennas and Propagati
on.aux" ("C:\Users\MistyRain\Desktop\Latex beamerÂπªÁÅØÁâáÊ®°Êùø\data/ch01.aux"
) ("C:\Users\MistyRain\Desktop\Latex beamerÂπªÁÅØÁâáÊ®°Êùø\data/ch02.aux")
("C:\Users\MistyRain\Desktop\Latex beamerÂπªÁÅØÁâáÊ®°Êùø\data/ch03.aux")
("C:\Users\MistyRain\Desktop\Latex beamerÂπªÁÅØÁâáÊ®°Êùø\data/ch04.aux")
("C:\Users\MistyRain\Desktop\Latex beamerÂπªÁÅØÁâáÊ®°Êùø\data/ch05.aux")
("C:\Users\MistyRain\Desktop\Latex beamerÂπªÁÅØÁâáÊ®°Êùø\data/ch06.aux"))
Package atveryend Info: Executing hook `AtVeryEndDocument' on input line 153.
Package atveryend Info: Executing hook `AtEndAfterFileList' on input line 153.
Package rerunfilecheck Info: File `Antennas*and*Propagation.out' has not change
d.
(rerunfilecheck)             Checksum: <no file>.
 ) 
Here is how much of TeX's memory you used:
 19801 strings out of 495354
 362660 string characters out of 3183860
 455641 words of memory out of 3000000
 22027 multiletter control sequences out of 15000+200000
 94427 words of font info for 244 fonts, out of 3000000 for 9000
 14 hyphenation exceptions out of 8191
 55i,15n,64p,460b,1908s stack positions out of 5000i,500n,10000p,200000b,50000s
<C:/Windows/Fonts/simkai.ttf><C:/Windows/Fonts/simkai.ttf><C:/Windows/Fonts/s
imkai.ttf><C:/Windows/Fonts/simkai.ttf><C:/Windows/Fonts/simkai.ttf><C:/Windows
/Fonts/simkai.ttf><C:/Windows/Fonts/simkai.ttf><C:/Windows/Fonts/simkai.ttf><C:
/Windows/Fonts/simkai.ttf><C:/Windows/Fonts/simkai.ttf><C:/Windows/Fonts/simkai
.ttf><C:/Windows/Fonts/simkai.ttf><C:/Windows/Fonts/simkai.ttf><C:/Windows/Font
s/simkai.ttf><C:/Windows/Fonts/simkai.ttf><C:/Windows/Fonts/simkai.ttf><C:/Wind
ows/Fonts/simkai.ttf><C:/Windows/Fonts/simkai.ttf><C:/Windows/Fonts/simkai.ttf>
<C:/Windows/Fonts/simkai.ttf><C:/Windows/Fonts/simkai.ttf><C:/Windows/Fonts/sim
kai.ttf>{d:/CTEX/MiKTeX/fonts/enc/dvips/fontname/8r.enc}<C:/Windows/Fonts/simka
i.ttf><C:/Windows/Fonts/simkai.ttf><C:/Windows/Fonts/simkai.ttf><C:/Windows/Fon
ts/simkai.ttf><C:/Windows/Fonts/simkai.ttf><C:/Windows/Fonts/simkai.ttf><C:/Win
dows/Fonts/simkai.ttf><C:/Windows/Fonts/simkai.ttf><C:/Windows/Fonts/simkai.ttf
><C:/Windows/Fonts/simkai.ttf><C:/Windows/Fonts/simkai.ttf><C:/Windows/Fonts/si
mkai.ttf><C:/Windows/Fonts/simkai.ttf><C:/Windows/Fonts/simkai.ttf><C:/Windows/
Fonts/simkai.ttf><C:/Windows/Fonts/simkai.ttf><C:/Windows/Fonts/simkai.ttf><C:/
Windows/Fonts/simkai.ttf><C:/Windows/Fonts/simkai.ttf><C:/Windows/Fonts/simkai.
ttf><C:/Windows/Fonts/simkai.ttf><C:/Windows/Fonts/simkai.ttf><C:/Windows/Fonts
/simkai.ttf><C:/Windows/Fonts/simkai.ttf><C:/Windows/Fonts/simkai.ttf><C:/Windo
ws/Fonts/simkai.ttf><C:/Windows/Fonts/simkai.ttf><C:/Windows/Fonts/simkai.ttf><
C:/Windows/Fonts/simkai.ttf><C:/Windows/Fonts/simkai.ttf><C:/Windows/Fonts/simk
ai.ttf><C:/Windows/Fonts/simkai.ttf><C:/Windows/Fonts/simkai.ttf><d:/CTEX/MiKTe
X/fonts/type1/public/amsfonts/cm/cmmi10.pfb><d:/CTEX/MiKTeX/fonts/type1/public/
amsfonts/cm/cmmi12.pfb><d:/CTEX/MiKTeX/fonts/type1/public/amsfonts/cm/cmmi8.pfb
><d:/CTEX/MiKTeX/fonts/type1/public/amsfonts/cm/cmr10.pfb><d:/CTEX/MiKTeX/fonts
/type1/public/amsfonts/cm/cmr12.pfb><d:/CTEX/MiKTeX/fonts/type1/public/amsfonts
/cm/cmsy10.pfb><d:/CTEX/MiKTeX/fonts/type1/public/amsfonts/cm/cmsy7.pfb><d:/CTE
X/MiKTeX/fonts/type1/public/amsfonts/cm/cmsy8.pfb><d:/CTEX/MiKTeX/fonts/type1/u
rw/helvetic/uhvb8a.pfb><d:/CTEX/MiKTeX/fonts/type1/urw/helvetic/uhvr8a.pfb><d:/
CTEX/MiKTeX/fonts/type1/urw/helvetic/uhvro8a.pfb><d:/CTEX/MiKTeX/fonts/type1/ur
w/times/utmb8a.pfb><d:/CTEX/MiKTeX/fonts/type1/urw/times/utmr8a.pfb><d:/CTEX/Mi
KTeX/fonts/type1/urw/times/utmri8a.pfb>
Output written on "Antennas and Propagation.pdf" (93 pages, 1662534 bytes).
PDF statistics:
 1657 PDF objects out of 1728 (max. 8388607)
 289 named destinations out of 1000 (max. 500000)
 274 words of extra memory for PDF output out of 10000 (max. 10000000)

